<?xml version="1.0" encoding="UTF-8"?>
<testng-results skipped="0" failed="0" ignored="0" total="1" passed="1">
  <reporter-output>
  </reporter-output>
  <suite name="Default suite" duration-ms="142" started-at="2018-12-27T06:39:39Z" finished-at="2018-12-27T06:39:39Z">
    <groups>
    </groups>
    <test name="Default test" duration-ms="142" started-at="2018-12-27T06:39:39Z" finished-at="2018-12-27T06:39:39Z">
      <class name="Assignment.CountNumbers">
        <test-method status="PASS" signature="a()[pri:0, instance:Assignment.CountNumbers@1810399e]" name="a" duration-ms="35" started-at="2018-12-27T06:39:39Z" finished-at="2018-12-27T06:39:39Z">
          <reporter-output>
          </reporter-output>
        </test-method> <!-- a -->
      </class> <!-- Assignment.CountNumbers -->
    </test> <!-- Default test -->
  </suite> <!-- Default suite -->
</testng-results>
